Removed Pin From Net: NetName=+5 Pin=C1-1
Removed Pin From Net: NetName=GND Pin=C1-2
Removed Pin From Net: NetName=CV17 Pin=R22-2
Removed Pin From Net: NetName=CV18 Pin=R22-3
Removed Pin From Net: NetName=CV19 Pin=R22-4
Removed Pin From Net: NetName=5V-Up Pin=R22-5
Removed Pin From Net: NetName=5V-Up Pin=R22-6
Removed Pin From Net: NetName=5V-Up Pin=R22-7
Removed Pin From Net: NetName=5V-Up Pin=R22-8
Removed Pin From Net: NetName=ADC0 Pin=U1-1
Removed Pin From Net: NetName=YC0 Pin=U1-6
Removed Pin From Net: NetName=YC1 Pin=U1-7
Removed Pin From Net: NetName=YC2 Pin=U1-8
Removed Pin From Net: NetName=YC3 Pin=U1-9
Removed Pin From Net: NetName=PB4/S0 Pin=U1-10
Removed Pin From Net: NetName=GND Pin=U1-12
Removed Pin From Net: NetName=PB7/S3 Pin=U1-13
Removed Pin From Net: NetName=PB6/S2 Pin=U1-14
Removed Pin From Net: NetName=GND Pin=U1-15
Removed Pin From Net: NetName=+5 Pin=U1-24
Removed Pin From Net: NetName=CV18 Pin=U10-2
Change Component Footprint: Designator=C1 Old Footprint=C 0805_L New Footprint=0805C
Change Component Footprint: Designator=R22 Old Footprint=RCA-8P4R-0603 New Footprint=R 0805_L
Change Component Footprint: Designator=U1 Old Footprint=SSOP24_L New Footprint=TSSOP16_N
Change Component Comment : Designator=R22 Old Comment=103 New Comment=1K
Change Component Comment : Designator=C1 Old Comment=104 New Comment=0805-50V-104
Change Component Comment : Designator=U1 Old Comment=CD74HC4067 New Comment=74HC4051PW
Change component parameters: Designator = "R22"; Footprint = "R 0805_L"; UniqueID = "\RQIINBDC"
Change component parameters. Clean all parameters for all variants
Change component parameters (AddParameter): Name = "BOM名称"; Value = "贴片电阻"; VariantName = "[No Variations]"
Change component parameters (AddParameter): Name = "封装库来自淘宝卖家 ID：黄晶宝石"; Value = "其他店铺购入均为盗版，不享受售后技术支持服务，请立即申请退款"; VariantName = "[No Variations]"
Change component parameters (AddParameter): Name = "版权归属"; Value = "来自淘宝 ID：黄晶宝石"; VariantName = "[No Variations]"
Change component parameters (AddParameter): Name = "联系售后"; Value = "https://shop463601444.taobao.com"; VariantName = "[No Variations]"
Change component parameters: Designator = "C1"; Footprint = "0805C"; UniqueID = "\NVOBQHUB"
Change component parameters. Clean all parameters for all variants
Change component parameters (AddParameter): Name = "LatestRevisionDate"; Value = "29-May-2009"; VariantName = "[No Variations]"
Change component parameters (AddParameter): Name = "LatestRevisionNote"; Value = "IPC-7351 Footprint Added."; VariantName = "[No Variations]"
Change component parameters (AddParameter): Name = "PackageDescription"; Value = "Chip Capacitor"; VariantName = "[No Variations]"
Change component parameters (AddParameter): Name = "PackageReference"; Value = "C1206"; VariantName = "[No Variations]"
Change component parameters (AddParameter): Name = "Published"; Value = "8-Jun-2000"; VariantName = "[No Variations]"
Change component parameters (AddParameter): Name = "Publisher"; Value = "Altium Limited"; VariantName = "[No Variations]"
Change component parameters (AddParameter): Name = "Value"; Value = "104"; VariantName = "[No Variations]"
Added Component: Designator=R43(R 0805_L)
Add component. Clean all parameters for all variants
Add component (AddParameter): Name = "BOM名称"; Value = "贴片电阻"; VariantName = "[No Variations]"
Add component (AddParameter): Name = "封装库来自淘宝卖家 ID：黄晶宝石"; Value = "其他店铺购入均为盗版，不享受售后技术支持服务，请立即申请退款"; VariantName = "[No Variations]"
Add component (AddParameter): Name = "版权归属"; Value = "来自淘宝 ID：黄晶宝石"; VariantName = "[No Variations]"
Add component (AddParameter): Name = "联系售后"; Value = "https://shop463601444.taobao.com"; VariantName = "[No Variations]"
Added Component: Designator=R44(R 0805_L)
Add component. Clean all parameters for all variants
Add component (AddParameter): Name = "BOM名称"; Value = "贴片电阻"; VariantName = "[No Variations]"
Add component (AddParameter): Name = "封装库来自淘宝卖家 ID：黄晶宝石"; Value = "其他店铺购入均为盗版，不享受售后技术支持服务，请立即申请退款"; VariantName = "[No Variations]"
Add component (AddParameter): Name = "版权归属"; Value = "来自淘宝 ID：黄晶宝石"; VariantName = "[No Variations]"
Add component (AddParameter): Name = "联系售后"; Value = "https://shop463601444.taobao.com"; VariantName = "[No Variations]"
Added Component: Designator=R45(R 0805_L)
Add component. Clean all parameters for all variants
Add component (AddParameter): Name = "BOM名称"; Value = "贴片电阻"; VariantName = "[No Variations]"
Add component (AddParameter): Name = "封装库来自淘宝卖家 ID：黄晶宝石"; Value = "其他店铺购入均为盗版，不享受售后技术支持服务，请立即申请退款"; VariantName = "[No Variations]"
Add component (AddParameter): Name = "版权归属"; Value = "来自淘宝 ID：黄晶宝石"; VariantName = "[No Variations]"
Add component (AddParameter): Name = "联系售后"; Value = "https://shop463601444.taobao.com"; VariantName = "[No Variations]"
Added Pin To Net: NetName=GND Pin=C1-1
Added Pin To Net: NetName=5V-Up Pin=R22-2
Added Pin To Net: NetName=CV17 Pin=R43-1
Added Pin To Net: NetName=5V-Up Pin=R43-2
Added Pin To Net: NetName=5V-Up Pin=R44-2
Added Pin To Net: NetName=CV19 Pin=R45-1
Added Pin To Net: NetName=5V-Up Pin=R45-2
Added Pin To Net: NetName=ADC0 Pin=U1-3
Added Pin To Net: NetName=GND Pin=U1-6
Added Pin To Net: NetName=GND Pin=U1-7
Added Pin To Net: NetName=GND Pin=U1-8
Added Pin To Net: NetName=PB7/S3 Pin=U1-9
Added Pin To Net: NetName=YC3 Pin=U1-12
Added Pin To Net: NetName=YC2 Pin=U1-13
Added Pin To Net: NetName=YC1 Pin=U1-14
Added Pin To Net: NetName=YC0 Pin=U1-15
Added Pin To Net: NetName=+5 Pin=U1-16
Added Member To Class: ClassName=Sheet2 Member=Component R43 1K
Added Member To Class: ClassName=Sheet2 Member=Component R44 1K
Added Member To Class: ClassName=Sheet2 Member=Component R45 1K
Added Room: Name=Sheet2
