Removed Pin From Net: NetName=3.3V Pin=JP1-8
Added Pin To Net: NetName=PB8/G1 Pin=IC1-18
Added Pin To Net: NetName=PB8/G1 Pin=IC1-19
Added Pin To Net: NetName=PB8/G1 Pin=U2-61
Added Net: Name=PB8/G1
Added Pin To Net: NetName=PB9/G2 Pin=IC2-18
Added Pin To Net: NetName=PB9/G2 Pin=IC2-19
Added Pin To Net: NetName=PB9/G2 Pin=U2-62
Added Net: Name=PB9/G2
Added Pin To Net: NetName=PB10/G3 Pin=IC3-18
Added Pin To Net: NetName=PB10/G3 Pin=IC3-19
Added Pin To Net: NetName=PB10/G3 Pin=U2-29
Added Net: Name=PB10/G3
Added Pin To Net: NetName=PB11/G4 Pin=IC4-18
Added Pin To Net: NetName=PB11/G4 Pin=IC4-19
Added Pin To Net: NetName=PB11/G4 Pin=U2-30
Added Net: Name=PB11/G4
Added Pin To Net: NetName=PC7/BLK Pin=JP1-8
Added Pin To Net: NetName=PC7/BLK Pin=U2-38
Added Net: Name=PC7/BLK
Added Member To Class: ClassName=Sheet2 Member=Component CON1 3.5*1.3
Added Member To Class: ClassName=Sheet2 Member=Component R22 1K
Added Member To Class: ClassName=Sheet2 Member=Component U6 SN74HC05DR
Added Room: Name=Sheet2
